 PROGRAM : PRODRG
 CONVERTS PDB TO TOPOLOGY BUILDING BLOCK!!!!
  
 WRITTEN BY D.M.F. VAN AALTEN AND A. SCHUETTELKOPF 1993-2008
 
 CALLED WITH THE FOLLOWING ARGUMENTS

  1: /local/webservices/www-prodg/v4data/53D678874472000027C9/inputfile              
  2: /var/www/html/www-prodg/w/data/prodrg.param                                     
  3: EM VAC CGRP


 CONNECTION TABLE

           9  ATOMS
    1  CAA  +        3    4    7    2    3    4
    2  HAA  ,        0    1    1
    3  HAB  ,        0    1    1
    4  HAC  ,        0    1    1
    5  OAB  +        3    2    7    6
    6  HAF  ,        0    1    5
    7  CAC  +        3    4    1    5    8    9
    8  HAD  ,        0    1    7
    9  HAE  ,        0    1    7

    1  HAA  ,        0    1    2
    2  CAA  -        3    4    1    3    4    5
    3  HAB  ,        0    1    2
    4  HAC  ,        0    1    2
    5  CAC  +        3    4    2    6    7    8
    6  HAD  ,        0    1    5
    7  HAE  ,        0    1    5
    8  OAB  +        3    2    5    9
    9  HAF  ,        0    1    8


 THE FINAL DRUG DESCRIPTOR

9313 2-9322 1+7311 4+1010 0,


 CHARGER TYPES

HAF    1 HO        0.0720 con=  8
HAA    1 HC3       0.0200 con=  6
HAB    1 HC3       0.0200 con=  6
HAC    1 HC3       0.0200 con=  6
HAD    1 HC3       0.0200 con=  6
HAE    1 HC3       0.0200 con=  6
CAC    6 CH2       0.1572 con=  6  1  1  8
CAA    6 CH3       0.1552 con=  1  1  1  6
OAB    8 OA       -0.1652 con=  6  1


 ASSIGNED ATOM TYPES / CONNECTIVITY

 N  NAME     FFTYPE GC    PDTYPE PC DESCRIPTION                    SP 5 6 NCON  CONNECTIONS
  1 CAA         CH3 14       CH3 14 ALIPHATIC CH3-GROUP             3 F F  4    2   3   4   5
  2 HAA          HC 16        HC 16 HYDROGEN BOUND TO CARBON        0 F F  1    1
  3 HAB          HC 16        HC 16 HYDROGEN BOUND TO CARBON        0 F F  1    1
  4 HAC          HC 16        HC 16 HYDROGEN BOUND TO CARBON        0 F F  1    1
  5 CAC         CH2 13       CH2 13 ALIPHATIC CH2-GROUP             3 F F  4    1   6   7   8
  6 HAD          HC 16        HC 16 HYDROGEN BOUND TO CARBON        0 F F  1    5
  7 HAE          HC 16        HC 16 HYDROGEN BOUND TO CARBON        0 F F  1    5
  8 OAB          OA  3        OA  3 HYDROXYL OXYGEN                 3 F F  2    5   9
  9 HAF           H 17         H 17 HYDROGEN NOT BOUND TO CARBON    0 F F  1    8


 MOLECULE INFO

  MOL. FORMULA:  C2 H6 O1
  MOL. MASS   :   46.07 U


 TOPOLOGY WOES

  - Undetermined angle  HAA  CAA  HAB [       HC-      CH3-       HC],
    finding best match:
         1       CH2-       CS-      CH2     0
        85        HC-      CHx-       Cx     4
    Picked type  85 with score  4.

  - Undetermined angle  HAA  CAA  HAC [       HC-      CH3-       HC],
    finding best match:
         1       CH2-       CS-      CH2     0
        85        HC-      CHx-       Cx     4
    Picked type  85 with score  4.

  - Undetermined angle  HAB  CAA  HAC [       HC-      CH3-       HC],
    finding best match:
         1       CH2-       CS-      CH2     0
        85        HC-      CHx-       Cx     4
    Picked type  85 with score  4.

  - Undetermined angle  HAD  CAC  HAE [       HC-      CH2-       HC],
    finding best match:
         1       CH2-       CS-      CH2     0
        85        HC-      CHx-       Cx     4
    Picked type  85 with score  4.

  - Undetermined angle  HAD  CAC  OAB [       HC-      CH2-       OA],
    finding best match:
         1       CH2-       CS-      CH2     0
        15        Cx-      CHx-       OA     4
        85        HC-      CHx-       Cx     6
    Picked type  85 with score  6.

  - Undetermined angle  HAE  CAC  OAB [       HC-      CH2-       OA],
    finding best match:
         1       CH2-       CS-      CH2     0
        15        Cx-      CHx-       OA     4
        85        HC-      CHx-       Cx     6
    Picked type  85 with score  6.


 FEATURE/AFLAG LIST

   256  F F F F F F F F F  (           0          -1          -1  )
    1f  F F F F F F F F F
    2f  F F F F F F F F F
    3f  F F F F F F F F F
    4f  F F F F F F F F F
    5f  F F F F F F F F F
    6f  F F F F F F F F F
    7f  F F F F F F F F F
    8f  F F F F F F F F F
    9f  F F F F F F F F F
   10f  F F F F F F F F F
   11f  F F F F F F F F F
   12f  F F F F F F F F F
   13f  F F F F F F F F F
   14f  F F F F F F F F F
   15f  F F F F F F F F F
   16f  F F F F F F F F F
   17f  F F F F F F F F F
   18f  T F F F T F F T F


 THANK YOU FOR USING PRODRG.....

