 PROGRAM : PRODRG
 CONVERTS PDB TO TOPOLOGY BUILDING BLOCK!!!!
  
 WRITTEN BY D.M.F. VAN AALTEN AND A. SCHUETTELKOPF 1993-2008
 
 CALLED WITH THE FOLLOWING ARGUMENTS

  1: /local/webservices/www-prodg/v4data/53D66C7D306B00001FC1/inputfile              
  2: /var/www/html/www-prodg/w/data/prodrg.param                                     
  3: EM VAC CGRP


 CONNECTION TABLE

         161  ATOMS
    1  CAA  +        3    4   28    2    3    4
    2  HAA  ,        0    1    1
    3  HAB  ,        0    1    1
    4  HAC  ,        0    1    1
    5  CAB  +        3    4   31    6    7    8
    6  HAD  ,        0    1    5
    7  HAE  ,        0    1    5
    8  HAF  ,        0    1    5
    9  CAC  +        3    4   34   10   11   12
   10  HAG  ,        0    1    9
   11  HAH  ,        0    1    9
   12  HAI  ,        0    1    9
   13  OAD  +        2    1  157
   14  OAE  +        2    1  158
   15  OAF  +        2    1  159
   16  CAG  +        2    3   22   37   17
   17  HAJ  ,        0    1   16
   18  CAH  +        2    3   24   40   19
   19  HAK  ,        0    1   18
   20  CAI  +        2    3   26   43   21
   21  HAL  ,        0    1   20
   22  CAJ  +        2    3   16   46   23
   23  HAM  ,        0    1   22
   24  CAK  +        2    3   18   49   25
   25  HAN  ,        0    1   24
   26  CAL  +        2    3   20   52   27
   27  HAO  ,        0    1   26
   28  CAM  +        3    4    1   55   29   30
   29  HAP  ,        0    1   28
   30  HAQ  ,        0    1   28
   31  CAN  +        3    4    5   58   32   33
   32  HAR  ,        0    1   31
   33  HAS  ,        0    1   31
   34  CAO  +        3    4    9   61   35   36
   35  HAT  ,        0    1   34
   36  HAU  ,        0    1   34
   37  CAP  +        3    4   16   64   38   39
   38  HAV  ,        0    1   37
   39  HAW  ,        0    1   37
   40  CAQ  +        3    4   18   67   41   42
   41  HAX  ,        0    1   40
   42  HAY  ,        0    1   40
   43  CAR  +        3    4   20   70   44   45
   44  HAZ  ,        0    1   43
   45  HA0  ,        0    1   43
   46  CAS  +        3    4   22   73   47   48
   47  HA1  ,        0    1   46
   48  HA2  ,        0    1   46
   49  CAT  +        3    4   24   76   50   51
   50  HA3  ,        0    1   49
   51  HA4  ,        0    1   49
   52  CAU  +        3    4   26   79   53   54
   53  HA5  ,        0    1   52
   54  HA6  ,        0    1   52
   55  CAV  +        3    4   28   82   56   57
   56  HA7  ,        0    1   55
   57  HA8  ,        0    1   55
   58  CAW  +        3    4   31   85   59   60
   59  HA9  ,        0    1   58
   60  HBA  ,        0    1   58
   61  CAX  +        3    4   34   88   62   63
   62  HBB  ,        0    1   61
   63  HBC  ,        0    1   61
   64  CAY  +        3    4   37   91   65   66
   65  HBD  ,        0    1   64
   66  HBE  ,        0    1   64
   67  CAZ  +        3    4   40   94   68   69
   68  HBF  ,        0    1   67
   69  HBG  ,        0    1   67
   70  CBA  +        3    4   43   97   71   72
   71  HBH  ,        0    1   70
   72  HBI  ,        0    1   70
   73  CBB  +        3    4   46  100   74   75
   74  HBJ  ,        0    1   73
   75  HBK  ,        0    1   73
   76  CBC  +        3    4   49  103   77   78
   77  HBL  ,        0    1   76
   78  HBM  ,        0    1   76
   79  CBD  +        3    4   52  106   80   81
   80  HBN  ,        0    1   79
   81  HBO  ,        0    1   79
   82  CBE  +        3    4   55  109   83   84
   83  HBP  ,        0    1   82
   84  HBQ  ,        0    1   82
   85  CBF  +        3    4   58  112   86   87
   86  HBR  ,        0    1   85
   87  HBS  ,        0    1   85
   88  CBG  +        3    4   61  115   89   90
   89  HBT  ,        0    1   88
   90  HBU  ,        0    1   88
   91  CBH  +        3    4   64  109   92   93
   92  HBV  ,        0    1   91
   93  HBW  ,        0    1   91
   94  CBI  +        3    4   67  112   95   96
   95  HBX  ,        0    1   94
   96  HBY  ,        0    1   94
   97  CBJ  +        3    4   70  115   98   99
   98  HBZ  ,        0    1   97
   99  HB0  ,        0    1   97
  100  CBK  +        3    4   73  118  101  102
  101  HB1  ,        0    1  100
  102  HB2  ,        0    1  100
  103  CBL  +        3    4   76  121  104  105
  104  HB3  ,        0    1  103
  105  HB4  ,        0    1  103
  106  CBM  +        3    4   79  124  107  108
  107  HB5  ,        0    1  106
  108  HB6  ,        0    1  106
  109  CBN  +        3    4   82   91  110  111
  110  HB7  ,        0    1  109
  111  HB8  ,        0    1  109
  112  CBO  +        3    4   85   94  113  114
  113  HB9  ,        0    1  112
  114  HCA  ,        0    1  112
  115  CBP  +        3    4   88   97  116  117
  116  HCB  ,        0    1  115
  117  HCC  ,        0    1  115
  118  CBQ  +        3    4  100  127  119  120
  119  HCD  ,        0    1  118
  120  HCE  ,        0    1  118
  121  CBR  +        3    4  103  130  122  123
  122  HCF  ,        0    1  121
  123  HCG  ,        0    1  121
  124  CBS  +        3    4  106  133  125  126
  125  HCH  ,        0    1  124
  126  HCI  ,        0    1  124
  127  CBT  +        3    4  118  136  128  129
  128  HCJ  ,        0    1  127
  129  HCK  ,        0    1  127
  130  CBU  +        3    4  121  139  131  132
  131  HCL  ,        0    1  130
  132  HCM  ,        0    1  130
  133  CBV  +        3    4  124  142  134  135
  134  HCN  ,        0    1  133
  135  HCO  ,        0    1  133
  136  CBW  +        3    4  127  145  137  138
  137  HCP  ,        0    1  136
  138  HCQ  ,        0    1  136
  139  CBX  +        3    4  130  148  140  141
  140  HCR  ,        0    1  139
  141  HCS  ,        0    1  139
  142  CBY  +        3    4  133  151  143  144
  143  HCT  ,        0    1  142
  144  HCU  ,        0    1  142
  145  CBZ  +        3    4  136  157  146  147
  146  HCV  ,        0    1  145
  147  HCW  ,        0    1  145
  148  CCA  +        3    4  139  158  149  150
  149  HCX  ,        0    1  148
  150  HCY  ,        0    1  148
  151  CCB  +        3    4  142  159  152  153
  152  HCZ  ,        0    1  151
  153  HC0  ,        0    1  151
  154  OCC  +        3    2  157  160
  155  OCD  +        3    2  158  160
  156  OCE  +        3    2  159  160
  157  CCF  +        2    3   13  145  154
  158  CCG  +        2    3   14  148  155
  159  CCH  +        2    3   15  151  156
  160  CCI  +        3    4  154  155  156  161
  161  HC1  ,        0    1  160

    1  HAA  ,        0    1    2
    2  CAA  -        3    4    1    3    4    5
    3  HAB  ,        0    1    2
    4  HAC  ,        0    1    2
    5  CAM  +        3    4    2    6    7    8
    6  HAP  ,        0    1    5
    7  HAQ  ,        0    1    5
    8  CAV  +        3    4    5    9   10   11
    9  HA7  ,        0    1    8
   10  HA8  ,        0    1    8
   11  CBE  +        3    4    8   12   13   14
   12  HBP  ,        0    1   11
   13  HBQ  ,        0    1   11
   14  CBN  +        3    4   11   15   16   17
   15  HB7  ,        0    1   14
   16  HB8  ,        0    1   14
   17  CBH  -        3    4   14   18   19   20
   18  HBV  ,        0    1   17
   19  HBW  ,        0    1   17
   20  CAY  -        3    4   17   21   22   23
   21  HBD  ,        0    1   20
   22  HBE  ,        0    1   20
   23  CAP  -        3    4   20   24   25   26
   24  HAV  ,        0    1   23
   25  HAW  ,        0    1   23
   26  CAG  +        2    3   23   27   28
   27  HAJ  ,        0    1   26
   28  CAJ  +        2    3   26   29   30
   29  HAM  ,        0    1   28
   30  CAS  +        3    4   28   31   32   33
   31  HA1  ,        0    1   30
   32  HA2  ,        0    1   30
   33  CBB  +        3    4   30   34   35   36
   34  HBJ  ,        0    1   33
   35  HBK  ,        0    1   33
   36  CBK  +        3    4   33   37   38   39
   37  HB1  ,        0    1   36
   38  HB2  ,        0    1   36
   39  CBQ  +        3    4   36   40   41   42
   40  HCD  ,        0    1   39
   41  HCE  ,        0    1   39
   42  CBT  +        3    4   39   43   44   45
   43  HCJ  ,        0    1   42
   44  HCK  ,        0    1   42
   45  CBW  +        3    4   42   46   47   48
   46  HCP  ,        0    1   45
   47  HCQ  ,        0    1   45
   48  CBZ  +        3    4   45   49   50   51
   49  HCV  ,        0    1   48
   50  HCW  ,        0    1   48
   51  CCF  +        2    3   48   52   53
   52  OAD  +        2    1   51
   53  OCC  +        3    2   51   54
   54  CCI  -        3    4   53   55   56  109
   55  HC1  ,        0    1   54
   56  OCE  +        3    2   54   57
   57  CCH  +        2    3   56   58   59
   58  OAF  +        2    1   57
   59  CCB  -        3    4   57   60   61   62
   60  HCZ  ,        0    1   59
   61  HC0  ,        0    1   59
   62  CBY  -        3    4   59   63   64   65
   63  HCT  ,        0    1   62
   64  HCU  ,        0    1   62
   65  CBV  -        3    4   62   66   67   68
   66  HCN  ,        0    1   65
   67  HCO  ,        0    1   65
   68  CBS  -        3    4   65   69   70   71
   69  HCH  ,        0    1   68
   70  HCI  ,        0    1   68
   71  CBM  -        3    4   68   72   73   74
   72  HB5  ,        0    1   71
   73  HB6  ,        0    1   71
   74  CBD  -        3    4   71   75   76   77
   75  HBN  ,        0    1   74
   76  HBO  ,        0    1   74
   77  CAU  -        3    4   74   78   79   80
   78  HA5  ,        0    1   77
   79  HA6  ,        0    1   77
   80  CAL  +        2    3   77   81   82
   81  HAO  ,        0    1   80
   82  CAI  +        2    3   80   83   84
   83  HAL  ,        0    1   82
   84  CAR  +        3    4   82   85   86   87
   85  HAZ  ,        0    1   84
   86  HA0  ,        0    1   84
   87  CBA  +        3    4   84   88   89   90
   88  HBH  ,        0    1   87
   89  HBI  ,        0    1   87
   90  CBJ  +        3    4   87   91   92   93
   91  HBZ  ,        0    1   90
   92  HB0  ,        0    1   90
   93  CBP  -        3    4   90   94   95   96
   94  HCB  ,        0    1   93
   95  HCC  ,        0    1   93
   96  CBG  -        3    4   93   97   98   99
   97  HBT  ,        0    1   96
   98  HBU  ,        0    1   96
   99  CAX  -        3    4   96  100  101  102
  100  HBB  ,        0    1   99
  101  HBC  ,        0    1   99
  102  CAO  -        3    4   99  103  104  105
  103  HAT  ,        0    1  102
  104  HAU  ,        0    1  102
  105  CAC  +        3    4  102  106  107  108
  106  HAH  ,        0    1  105
  107  HAI  ,        0    1  105
  108  HAG  ,        0    1  105
  109  OCD  +        3    2   54  110
  110  CCG  +        2    3  109  111  112
  111  OAE  +        2    1  110
  112  CCA  -        3    4  110  113  114  115
  113  HCX  ,        0    1  112
  114  HCY  ,        0    1  112
  115  CBX  -        3    4  112  116  117  118
  116  HCR  ,        0    1  115
  117  HCS  ,        0    1  115
  118  CBU  -        3    4  115  119  120  121
  119  HCL  ,        0    1  118
  120  HCM  ,        0    1  118
  121  CBR  -        3    4  118  122  123  124
  122  HCF  ,        0    1  121
  123  HCG  ,        0    1  121
  124  CBL  -        3    4  121  125  126  127
  125  HB3  ,        0    1  124
  126  HB4  ,        0    1  124
  127  CBC  -        3    4  124  128  129  130
  128  HBL  ,        0    1  127
  129  HBM  ,        0    1  127
  130  CAT  -        3    4  127  131  132  133
  131  HA3  ,        0    1  130
  132  HA4  ,        0    1  130
  133  CAK  +        2    3  130  134  135
  134  HAN  ,        0    1  133
  135  CAH  +        2    3  133  136  137
  136  HAK  ,        0    1  135
  137  CAQ  +        3    4  135  138  139  140
  138  HAX  ,        0    1  137
  139  HAY  ,        0    1  137
  140  CAZ  +        3    4  137  141  142  143
  141  HBF  ,        0    1  140
  142  HBG  ,        0    1  140
  143  CBI  +        3    4  140  144  145  146
  144  HBX  ,        0    1  143
  145  HBY  ,        0    1  143
  146  CBO  -        3    4  143  147  148  149
  147  HB9  ,        0    1  146
  148  HCA  ,        0    1  146
  149  CBF  -        3    4  146  150  151  152
  150  HBR  ,        0    1  149
  151  HBS  ,        0    1  149
  152  CAW  -        3    4  149  153  154  155
  153  HA9  ,        0    1  152
  154  HBA  ,        0    1  152
  155  CAN  -        3    4  152  156  157  158
  156  HAR  ,        0    1  155
  157  HAS  ,        0    1  155
  158  CAB  +        3    4  155  159  160  161
  159  HAE  ,        0    1  158
  160  HAF  ,        0    1  158
  161  HAD  ,        0    1  158


 THE FINAL DRUG DESCRIPTOR

9313 2-9322 1+9322 4+9322 5+9322 6+9322 7-9322 8-9322 9-922110+922113+932214+932215+932216+932217+932218+932219+932220+9230-1+7210 0+7320 0+933142-7320 0+9230 0+7210 0+932223-932222-932224-932225-932226-932227-932228-922129+922132+932233+932234+932235+932236-932237-932238-932239-931340+7320-1+9230 0+7210 0+932244-932243-932245-932246-932247-932248-932249-922150+922153+932254+932255+932256+932257-932258-932259-932260-931361+


 CHARGER TYPES

HAA    1 HC3       0.0200 con=  6
HAB    1 HC3       0.0200 con=  6
HAC    1 HC3       0.0200 con=  6
HAP    1 HC3       0.0200 con=  6
HAQ    1 HC3       0.0200 con=  6
HA7    1 HC3       0.0200 con=  6
HA8    1 HC3       0.0200 con=  6
HBP    1 HC3       0.0200 con=  6
HBQ    1 HC3       0.0200 con=  6
HB7    1 HC3       0.0200 con=  6
HB8    1 HC3       0.0200 con=  6
HBV    1 HC3       0.0200 con=  6
HBW    1 HC3       0.0200 con=  6
HBD    1 HC3       0.0200 con=  6
HBE    1 HC3       0.0200 con=  6
HAV    1 HC3       0.0200 con=  6
HAW    1 HC3       0.0200 con=  6
HA1    1 HC3       0.0200 con=  6
HA2    1 HC3       0.0200 con=  6
HBJ    1 HC3       0.0200 con=  6
HBK    1 HC3       0.0200 con=  6
HB1    1 HC3       0.0200 con=  6
HB2    1 HC3       0.0200 con=  6
HCD    1 HC3       0.0200 con=  6
HCE    1 HC3       0.0200 con=  6
HCJ    1 HC3       0.0200 con=  6
HCK    1 HC3       0.0200 con=  6
HCP    1 HC3       0.0200 con=  6
HCQ    1 HC3       0.0200 con=  6
HCV    1 HC3       0.0200 con=  6
HCW    1 HC3       0.0200 con=  6
HC1    1 HC3       0.0200 con=  6
HCZ    1 HC3       0.0200 con=  6
HC0    1 HC3       0.0200 con=  6
HCT    1 HC3       0.0200 con=  6
HCU    1 HC3       0.0200 con=  6
HCN    1 HC3       0.0200 con=  6
HCO    1 HC3       0.0200 con=  6
HCH    1 HC3       0.0200 con=  6
HCI    1 HC3       0.0200 con=  6
HB5    1 HC3       0.0200 con=  6
HB6    1 HC3       0.0200 con=  6
HBN    1 HC3       0.0200 con=  6
HBO    1 HC3       0.0200 con=  6
HA5    1 HC3       0.0200 con=  6
HA6    1 HC3       0.0200 con=  6
HAZ    1 HC3       0.0200 con=  6
HA0    1 HC3       0.0200 con=  6
HBH    1 HC3       0.0200 con=  6
HBI    1 HC3       0.0200 con=  6
HBZ    1 HC3       0.0200 con=  6
HB0    1 HC3       0.0200 con=  6
HCB    1 HC3       0.0200 con=  6
HCC    1 HC3       0.0200 con=  6
HBT    1 HC3       0.0200 con=  6
HBU    1 HC3       0.0200 con=  6
HBB    1 HC3       0.0200 con=  6
HBC    1 HC3       0.0200 con=  6
HAT    1 HC3       0.0200 con=  6
HAU    1 HC3       0.0200 con=  6
HAH    1 HC3       0.0200 con=  6
HAI    1 HC3       0.0200 con=  6
HAG    1 HC3       0.0200 con=  6
HCX    1 HC3       0.0200 con=  6
HCY    1 HC3       0.0200 con=  6
HCR    1 HC3       0.0200 con=  6
HCS    1 HC3       0.0200 con=  6
HCL    1 HC3       0.0200 con=  6
HCM    1 HC3       0.0200 con=  6
HCF    1 HC3       0.0200 con=  6
HCG    1 HC3       0.0200 con=  6
HB3    1 HC3       0.0200 con=  6
HB4    1 HC3       0.0200 con=  6
HBL    1 HC3       0.0200 con=  6
HBM    1 HC3       0.0200 con=  6
HA3    1 HC3       0.0200 con=  6
HA4    1 HC3       0.0200 con=  6
HAX    1 HC3       0.0200 con=  6
HAY    1 HC3       0.0200 con=  6
HBF    1 HC3       0.0200 con=  6
HBG    1 HC3       0.0200 con=  6
HBX    1 HC3       0.0200 con=  6
HBY    1 HC3       0.0200 con=  6
HB9    1 HC3       0.0200 con=  6
HCA    1 HC3       0.0200 con=  6
HBR    1 HC3       0.0200 con=  6
HBS    1 HC3       0.0200 con=  6
HA9    1 HC3       0.0200 con=  6
HBA    1 HC3       0.0200 con=  6
HAR    1 HC3       0.0200 con=  6
HAS    1 HC3       0.0200 con=  6
HAE    1 HC3       0.0200 con=  6
HAF    1 HC3       0.0200 con=  6
HAD    1 HC3       0.0200 con=  6
HAJ    1 HC2       0.0200 con=  6
HAM    1 HC2       0.0200 con=  6
HAO    1 HC2       0.0200 con=  6
HAL    1 HC2       0.0200 con=  6
HAN    1 HC2       0.0200 con=  6
HAK    1 HC2       0.0200 con=  6
CCF    6 C         0.3874 con=  6  8  8
CCH    6 C         0.3874 con=  8  8  6
CCG    6 C         0.3874 con=  8  8  6
CCI    6 CS1       0.2720 con=  8  1  8  8
CAG    6 CR61      0.0527 con=  6  1  6
CAJ    6 CR61      0.0527 con=  6  1  6
CAL    6 CR61      0.0527 con=  6  1  6
CAI    6 CR61      0.0527 con=  6  1  6
CAK    6 CR61      0.0527 con=  6  1  6
CAH    6 CR61      0.0527 con=  6  1  6
CAM    6 CH2       0.1572 con=  6  1  1  6
CAV    6 CH2       0.1572 con=  6  1  1  6
CBE    6 CH2       0.1572 con=  6  1  1  6
CBN    6 CH2       0.1572 con=  6  1  1  6
CBH    6 CH2       0.1572 con=  6  1  1  6
CAY    6 CH2       0.1572 con=  6  1  1  6
CAP    6 CH2       0.1572 con=  6  1  1  6
CAS    6 CH2       0.1572 con=  6  1  1  6
CBB    6 CH2       0.1572 con=  6  1  1  6
CBK    6 CH2       0.1572 con=  6  1  1  6
CBQ    6 CH2       0.1572 con=  6  1  1  6
CBT    6 CH2       0.1572 con=  6  1  1  6
CBW    6 CH2       0.1572 con=  6  1  1  6
CBZ    6 CH2       0.1572 con=  6  1  1  6
CCB    6 CH2       0.1572 con=  6  1  1  6
CBY    6 CH2       0.1572 con=  6  1  1  6
CBV    6 CH2       0.1572 con=  6  1  1  6
CBS    6 CH2       0.1572 con=  6  1  1  6
CBM    6 CH2       0.1572 con=  6  1  1  6
CBD    6 CH2       0.1572 con=  6  1  1  6
CAU    6 CH2       0.1572 con=  6  1  1  6
CAR    6 CH2       0.1572 con=  6  1  1  6
CBA    6 CH2       0.1572 con=  6  1  1  6
CBJ    6 CH2       0.1572 con=  6  1  1  6
CBP    6 CH2       0.1572 con=  6  1  1  6
CBG    6 CH2       0.1572 con=  6  1  1  6
CAX    6 CH2       0.1572 con=  6  1  1  6
CAO    6 CH2       0.1572 con=  6  1  1  6
CCA    6 CH2       0.1572 con=  6  1  1  6
CBX    6 CH2       0.1572 con=  6  1  1  6
CBU    6 CH2       0.1572 con=  6  1  1  6
CBR    6 CH2       0.1572 con=  6  1  1  6
CBL    6 CH2       0.1572 con=  6  1  1  6
CBC    6 CH2       0.1572 con=  6  1  1  6
CAT    6 CH2       0.1572 con=  6  1  1  6
CAQ    6 CH2       0.1572 con=  6  1  1  6
CAZ    6 CH2       0.1572 con=  6  1  1  6
CBI    6 CH2       0.1572 con=  6  1  1  6
CBO    6 CH2       0.1572 con=  6  1  1  6
CBF    6 CH2       0.1572 con=  6  1  1  6
CAW    6 CH2       0.1572 con=  6  1  1  6
CAN    6 CH2       0.1572 con=  6  1  1  6
CAA    6 CH3       0.1552 con=  1  1  1  6
CAC    6 CH3       0.1552 con=  6  1  1  1
CAB    6 CH3       0.1552 con=  6  1  1  1
OAD    8 O1       -0.6781 con=  6
OAF    8 O1       -0.6781 con=  6
OAE    8 O1       -0.6781 con=  6
OCC    8 OS       -0.1563 con=  6  6
OCE    8 OS       -0.1563 con=  6  6
OCD    8 OS       -0.1563 con=  6  6


 CHARGE GROUP-INDUCED ERRORS

   SQ0   =   3.592
   SQf   =   2.364 ( 65.8%)
   Qtotr =  -0.016
   Qtotg =   0.000


 ASSIGNED ATOM TYPES / CONNECTIVITY

 N  NAME     FFTYPE GC    PDTYPE PC DESCRIPTION                    SP 5 6 NCON  CONNECTIONS
  1 CAA         CH3 14       CH3 14 ALIPHATIC CH3-GROUP             3 F F  4    2   3   4   5
  2 HAA          HC 16        HC 16 HYDROGEN BOUND TO CARBON        0 F F  1    1
  3 HAB          HC 16        HC 16 HYDROGEN BOUND TO CARBON        0 F F  1    1
  4 HAC          HC 16        HC 16 HYDROGEN BOUND TO CARBON        0 F F  1    1
  5 CAM         CH2 13       CH2 13 ALIPHATIC CH2-GROUP             3 F F  4    1   6   7   8
  6 HAP          HC 16        HC 16 HYDROGEN BOUND TO CARBON        0 F F  1    5
  7 HAQ          HC 16        HC 16 HYDROGEN BOUND TO CARBON        0 F F  1    5
  8 CAV         CH2 13       CH2 13 ALIPHATIC CH2-GROUP             3 F F  4    5   9  10  11
  9 HA7          HC 16        HC 16 HYDROGEN BOUND TO CARBON        0 F F  1    8
 10 HA8          HC 16        HC 16 HYDROGEN BOUND TO CARBON        0 F F  1    8
 11 CBE         CH2 13       CH2 13 ALIPHATIC CH2-GROUP             3 F F  4    8  12  13  14
 12 HBP          HC 16        HC 16 HYDROGEN BOUND TO CARBON        0 F F  1   11
 13 HBQ          HC 16        HC 16 HYDROGEN BOUND TO CARBON        0 F F  1   11
 14 CBN         CH2 13       CH2 13 ALIPHATIC CH2-GROUP             3 F F  4   11  15  16  17
 15 HB7          HC 16        HC 16 HYDROGEN BOUND TO CARBON        0 F F  1   14
 16 HB8          HC 16        HC 16 HYDROGEN BOUND TO CARBON        0 F F  1   14
 17 CBH         CH2 13       CH2 13 ALIPHATIC CH2-GROUP             3 F F  4   14  18  19  20
 18 HBV          HC 16        HC 16 HYDROGEN BOUND TO CARBON        0 F F  1   17
 19 HBW          HC 16        HC 16 HYDROGEN BOUND TO CARBON        0 F F  1   17
 20 CAY         CH2 13       CH2 13 ALIPHATIC CH2-GROUP             3 F F  4   17  21  22  23
 21 HBD          HC 16        HC 16 HYDROGEN BOUND TO CARBON        0 F F  1   20
 22 HBE          HC 16        HC 16 HYDROGEN BOUND TO CARBON        0 F F  1   20
 23 CAP         CH2 13       CH2 13 ALIPHATIC CH2-GROUP             3 F F  4   20  24  25  26
 24 HAV          HC 16        HC 16 HYDROGEN BOUND TO CARBON        0 F F  1   23
 25 HAW          HC 16        HC 16 HYDROGEN BOUND TO CARBON        0 F F  1   23
 26 CAG           C 11         C 11 BARE CARBON                     2 F F  3   23  27  28
 27 HAJ          HC 16        HC 16 HYDROGEN BOUND TO CARBON        0 F F  1   26
 28 CAJ           C 11         C 11 BARE CARBON                     2 F F  3   26  29  30
 29 HAM          HC 16        HC 16 HYDROGEN BOUND TO CARBON        0 F F  1   28
 30 CAS         CH2 13       CH2 13 ALIPHATIC CH2-GROUP             3 F F  4   28  31  32  33
 31 HA1          HC 16        HC 16 HYDROGEN BOUND TO CARBON        0 F F  1   30
 32 HA2          HC 16        HC 16 HYDROGEN BOUND TO CARBON        0 F F  1   30
 33 CBB         CH2 13       CH2 13 ALIPHATIC CH2-GROUP             3 F F  4   30  34  35  36
 34 HBJ          HC 16        HC 16 HYDROGEN BOUND TO CARBON        0 F F  1   33
 35 HBK          HC 16        HC 16 HYDROGEN BOUND TO CARBON        0 F F  1   33
 36 CBK         CH2 13       CH2 13 ALIPHATIC CH2-GROUP             3 F F  4   33  37  38  39
 37 HB1          HC 16        HC 16 HYDROGEN BOUND TO CARBON        0 F F  1   36
 38 HB2          HC 16        HC 16 HYDROGEN BOUND TO CARBON        0 F F  1   36
 39 CBQ         CH2 13       CH2 13 ALIPHATIC CH2-GROUP             3 F F  4   36  40  41  42
 40 HCD          HC 16        HC 16 HYDROGEN BOUND TO CARBON        0 F F  1   39
 41 HCE          HC 16        HC 16 HYDROGEN BOUND TO CARBON        0 F F  1   39
 42 CBT         CH2 13       CH2 13 ALIPHATIC CH2-GROUP             3 F F  4   39  43  44  45
 43 HCJ          HC 16        HC 16 HYDROGEN BOUND TO CARBON        0 F F  1   42
 44 HCK          HC 16        HC 16 HYDROGEN BOUND TO CARBON        0 F F  1   42
 45 CBW         CH2 13       CH2 13 ALIPHATIC CH2-GROUP             3 F F  4   42  46  47  48
 46 HCP          HC 16        HC 16 HYDROGEN BOUND TO CARBON        0 F F  1   45
 47 HCQ          HC 16        HC 16 HYDROGEN BOUND TO CARBON        0 F F  1   45
 48 CBZ         CH2 13       CH2 13 ALIPHATIC CH2-GROUP             3 F F  4   45  49  50  51
 49 HCV          HC 16        HC 16 HYDROGEN BOUND TO CARBON        0 F F  1   48
 50 HCW          HC 16        HC 16 HYDROGEN BOUND TO CARBON        0 F F  1   48
 51 CCF           C 11         C 11 BARE CARBON                     2 F F  3   48  52  53
 52 OAD           O  1         O  1 CARBONYL OXYGEN (C=O)           2 F F  1   51
 53 OCC          OA  3        OS 53 SUGAR/ESTER OXYGEN              3 F F  2   51  54
 54 CCI         CH1 12       CH1 12 ALIPHATIC CH-GROUP              3 F F  4   53  55  56 109
 55 HC1          HC 16        HC 16 HYDROGEN BOUND TO CARBON        0 F F  1   54
 56 OCE          OA  3        OS 53 SUGAR/ESTER OXYGEN              3 F F  2   54  57
 57 CCH           C 11         C 11 BARE CARBON                     2 F F  3   56  58  59
 58 OAF           O  1         O  1 CARBONYL OXYGEN (C=O)           2 F F  1   57
 59 CCB         CH2 13       CH2 13 ALIPHATIC CH2-GROUP             3 F F  4   57  60  61  62
 60 HCZ          HC 16        HC 16 HYDROGEN BOUND TO CARBON        0 F F  1   59
 61 HC0          HC 16        HC 16 HYDROGEN BOUND TO CARBON        0 F F  1   59
 62 CBY         CH2 13       CH2 13 ALIPHATIC CH2-GROUP             3 F F  4   59  63  64  65
 63 HCT          HC 16        HC 16 HYDROGEN BOUND TO CARBON        0 F F  1   62
 64 HCU          HC 16        HC 16 HYDROGEN BOUND TO CARBON        0 F F  1   62
 65 CBV         CH2 13       CH2 13 ALIPHATIC CH2-GROUP             3 F F  4   62  66  67  68
 66 HCN          HC 16        HC 16 HYDROGEN BOUND TO CARBON        0 F F  1   65
 67 HCO          HC 16        HC 16 HYDROGEN BOUND TO CARBON        0 F F  1   65
 68 CBS         CH2 13       CH2 13 ALIPHATIC CH2-GROUP             3 F F  4   65  69  70  71
 69 HCH          HC 16        HC 16 HYDROGEN BOUND TO CARBON        0 F F  1   68
 70 HCI          HC 16        HC 16 HYDROGEN BOUND TO CARBON        0 F F  1   68
 71 CBM         CH2 13       CH2 13 ALIPHATIC CH2-GROUP             3 F F  4   68  72  73  74
 72 HB5          HC 16        HC 16 HYDROGEN BOUND TO CARBON        0 F F  1   71
 73 HB6          HC 16        HC 16 HYDROGEN BOUND TO CARBON        0 F F  1   71
 74 CBD         CH2 13       CH2 13 ALIPHATIC CH2-GROUP             3 F F  4   71  75  76  77
 75 HBN          HC 16        HC 16 HYDROGEN BOUND TO CARBON        0 F F  1   74
 76 HBO          HC 16        HC 16 HYDROGEN BOUND TO CARBON        0 F F  1   74
 77 CAU         CH2 13       CH2 13 ALIPHATIC CH2-GROUP             3 F F  4   74  78  79  80
 78 HA5          HC 16        HC 16 HYDROGEN BOUND TO CARBON        0 F F  1   77
 79 HA6          HC 16        HC 16 HYDROGEN BOUND TO CARBON        0 F F  1   77
 80 CAL           C 11         C 11 BARE CARBON                     2 F F  3   77  81  82
 81 HAO          HC 16        HC 16 HYDROGEN BOUND TO CARBON        0 F F  1   80
 82 CAI           C 11         C 11 BARE CARBON                     2 F F  3   80  83  84
 83 HAL          HC 16        HC 16 HYDROGEN BOUND TO CARBON        0 F F  1   82
 84 CAR         CH2 13       CH2 13 ALIPHATIC CH2-GROUP             3 F F  4   82  85  86  87
 85 HAZ          HC 16        HC 16 HYDROGEN BOUND TO CARBON        0 F F  1   84
 86 HA0          HC 16        HC 16 HYDROGEN BOUND TO CARBON        0 F F  1   84
 87 CBA         CH2 13       CH2 13 ALIPHATIC CH2-GROUP             3 F F  4   84  88  89  90
 88 HBH          HC 16        HC 16 HYDROGEN BOUND TO CARBON        0 F F  1   87
 89 HBI          HC 16        HC 16 HYDROGEN BOUND TO CARBON        0 F F  1   87
 90 CBJ         CH2 13       CH2 13 ALIPHATIC CH2-GROUP             3 F F  4   87  91  92  93
 91 HBZ          HC 16        HC 16 HYDROGEN BOUND TO CARBON        0 F F  1   90
 92 HB0          HC 16        HC 16 HYDROGEN BOUND TO CARBON        0 F F  1   90
 93 CBP         CH2 13       CH2 13 ALIPHATIC CH2-GROUP             3 F F  4   90  94  95  96
 94 HCB          HC 16        HC 16 HYDROGEN BOUND TO CARBON        0 F F  1   93
 95 HCC          HC 16        HC 16 HYDROGEN BOUND TO CARBON        0 F F  1   93
 96 CBG         CH2 13       CH2 13 ALIPHATIC CH2-GROUP             3 F F  4   93  97  98  99
 97 HBT          HC 16        HC 16 HYDROGEN BOUND TO CARBON        0 F F  1   96
 98 HBU          HC 16        HC 16 HYDROGEN BOUND TO CARBON        0 F F  1   96
 99 CAX         CH2 13       CH2 13 ALIPHATIC CH2-GROUP             3 F F  4   96 100 101 102
100 HBB          HC 16        HC 16 HYDROGEN BOUND TO CARBON        0 F F  1   99
101 HBC          HC 16        HC 16 HYDROGEN BOUND TO CARBON        0 F F  1   99
102 CAO         CH2 13       CH2 13 ALIPHATIC CH2-GROUP             3 F F  4   99 103 104 105
103 HAT          HC 16        HC 16 HYDROGEN BOUND TO CARBON        0 F F  1  102
104 HAU          HC 16        HC 16 HYDROGEN BOUND TO CARBON        0 F F  1  102
105 CAC         CH3 14       CH3 14 ALIPHATIC CH3-GROUP             3 F F  4  102 106 107 108
106 HAH          HC 16        HC 16 HYDROGEN BOUND TO CARBON        0 F F  1  105
107 HAI          HC 16        HC 16 HYDROGEN BOUND TO CARBON        0 F F  1  105
108 HAG          HC 16        HC 16 HYDROGEN BOUND TO CARBON        0 F F  1  105
109 OCD          OA  3        OS 53 SUGAR/ESTER OXYGEN              3 F F  2   54 110
110 CCG           C 11         C 11 BARE CARBON                     2 F F  3  109 111 112
111 OAE           O  1         O  1 CARBONYL OXYGEN (C=O)           2 F F  1  110
112 CCA         CH2 13       CH2 13 ALIPHATIC CH2-GROUP             3 F F  4  110 113 114 115
113 HCX          HC 16        HC 16 HYDROGEN BOUND TO CARBON        0 F F  1  112
114 HCY          HC 16        HC 16 HYDROGEN BOUND TO CARBON        0 F F  1  112
115 CBX         CH2 13       CH2 13 ALIPHATIC CH2-GROUP             3 F F  4  112 116 117 118
116 HCR          HC 16        HC 16 HYDROGEN BOUND TO CARBON        0 F F  1  115
117 HCS          HC 16        HC 16 HYDROGEN BOUND TO CARBON        0 F F  1  115
118 CBU         CH2 13       CH2 13 ALIPHATIC CH2-GROUP             3 F F  4  115 119 120 121
119 HCL          HC 16        HC 16 HYDROGEN BOUND TO CARBON        0 F F  1  118
120 HCM          HC 16        HC 16 HYDROGEN BOUND TO CARBON        0 F F  1  118
121 CBR         CH2 13       CH2 13 ALIPHATIC CH2-GROUP             3 F F  4  118 122 123 124
122 HCF          HC 16        HC 16 HYDROGEN BOUND TO CARBON        0 F F  1  121
123 HCG          HC 16        HC 16 HYDROGEN BOUND TO CARBON        0 F F  1  121
124 CBL         CH2 13       CH2 13 ALIPHATIC CH2-GROUP             3 F F  4  121 125 126 127
125 HB3          HC 16        HC 16 HYDROGEN BOUND TO CARBON        0 F F  1  124
126 HB4          HC 16        HC 16 HYDROGEN BOUND TO CARBON        0 F F  1  124
127 CBC         CH2 13       CH2 13 ALIPHATIC CH2-GROUP             3 F F  4  124 128 129 130
128 HBL          HC 16        HC 16 HYDROGEN BOUND TO CARBON        0 F F  1  127
129 HBM          HC 16        HC 16 HYDROGEN BOUND TO CARBON        0 F F  1  127
130 CAT         CH2 13       CH2 13 ALIPHATIC CH2-GROUP             3 F F  4  127 131 132 133
131 HA3          HC 16        HC 16 HYDROGEN BOUND TO CARBON        0 F F  1  130
132 HA4          HC 16        HC 16 HYDROGEN BOUND TO CARBON        0 F F  1  130
133 CAK           C 11         C 11 BARE CARBON                     2 F F  3  130 134 135
134 HAN          HC 16        HC 16 HYDROGEN BOUND TO CARBON        0 F F  1  133
135 CAH           C 11         C 11 BARE CARBON                     2 F F  3  133 136 137
136 HAK          HC 16        HC 16 HYDROGEN BOUND TO CARBON        0 F F  1  135
137 CAQ         CH2 13       CH2 13 ALIPHATIC CH2-GROUP             3 F F  4  135 138 139 140
138 HAX          HC 16        HC 16 HYDROGEN BOUND TO CARBON        0 F F  1  137
139 HAY          HC 16        HC 16 HYDROGEN BOUND TO CARBON        0 F F  1  137
140 CAZ         CH2 13       CH2 13 ALIPHATIC CH2-GROUP             3 F F  4  137 141 142 143
141 HBF          HC 16        HC 16 HYDROGEN BOUND TO CARBON        0 F F  1  140
142 HBG          HC 16        HC 16 HYDROGEN BOUND TO CARBON        0 F F  1  140
143 CBI         CH2 13       CH2 13 ALIPHATIC CH2-GROUP             3 F F  4  140 144 145 146
144 HBX          HC 16        HC 16 HYDROGEN BOUND TO CARBON        0 F F  1  143
145 HBY          HC 16        HC 16 HYDROGEN BOUND TO CARBON        0 F F  1  143
146 CBO         CH2 13       CH2 13 ALIPHATIC CH2-GROUP             3 F F  4  143 147 148 149
147 HB9          HC 16        HC 16 HYDROGEN BOUND TO CARBON        0 F F  1  146
148 HCA          HC 16        HC 16 HYDROGEN BOUND TO CARBON        0 F F  1  146
149 CBF         CH2 13       CH2 13 ALIPHATIC CH2-GROUP             3 F F  4  146 150 151 152
150 HBR          HC 16        HC 16 HYDROGEN BOUND TO CARBON        0 F F  1  149
151 HBS          HC 16        HC 16 HYDROGEN BOUND TO CARBON        0 F F  1  149
152 CAW         CH2 13       CH2 13 ALIPHATIC CH2-GROUP             3 F F  4  149 153 154 155
153 HA9          HC 16        HC 16 HYDROGEN BOUND TO CARBON        0 F F  1  152
154 HBA          HC 16        HC 16 HYDROGEN BOUND TO CARBON        0 F F  1  152
155 CAN         CH2 13       CH2 13 ALIPHATIC CH2-GROUP             3 F F  4  152 156 157 158
156 HAR          HC 16        HC 16 HYDROGEN BOUND TO CARBON        0 F F  1  155
157 HAS          HC 16        HC 16 HYDROGEN BOUND TO CARBON        0 F F  1  155
158 CAB         CH3 14       CH3 14 ALIPHATIC CH3-GROUP             3 F F  4  155 159 160 161
159 HAE          HC 16        HC 16 HYDROGEN BOUND TO CARBON        0 F F  1  158
160 HAF          HC 16        HC 16 HYDROGEN BOUND TO CARBON        0 F F  1  158
161 HAD          HC 16        HC 16 HYDROGEN BOUND TO CARBON        0 F F  1  158


 MOLECULE INFO

  MOL. FORMULA:  C55 H100 O6
  MOL. MASS   :  857.40 U


 TOPOLOGY WOES

  - Undetermined bond  OCC  CCI [       OS-      CH1],
    finding best match:
         7         C-        O     1
         9         C-      OAS     3
        12       CHx-       OA     6
    Picked type  12 ( 1.43 A) with score  6.

  - Undetermined bond  CCI  OCE [      CH1-       OS],
    finding best match:
         7         C-        O     1
         9         C-      OAS     3
        12       CHx-       OA     6
    Picked type  12 ( 1.43 A) with score  6.

  - Undetermined bond  CCI  OCD [      CH1-       OS],
    finding best match:
         7         C-        O     1
         9         C-      OAS     3
        12       CHx-       OA     6
    Picked type  12 ( 1.43 A) with score  6.

  - Undetermined angle  HAA  CAA  HAB [       HC-      CH3-       HC],
    finding best match:
         1       CH2-       CS-      CH2     0
        85        HC-      CHx-       Cx     4
    Picked type  85 with score  4.

  - Undetermined angle  HAA  CAA  HAC [       HC-      CH3-       HC],
    finding best match:
         1       CH2-       CS-      CH2     0
        85        HC-      CHx-       Cx     4
    Picked type  85 with score  4.

  - Undetermined angle  HAB  CAA  HAC [       HC-      CH3-       HC],
    finding best match:
         1       CH2-       CS-      CH2     0
        85        HC-      CHx-       Cx     4
    Picked type  85 with score  4.

  - Undetermined angle  HAP  CAM  HAQ [       HC-      CH2-       HC],
    finding best match:
         1       CH2-       CS-      CH2     0
        85        HC-      CHx-       Cx     4
    Picked type  85 with score  4.

  - Undetermined angle  HA7  CAV  HA8 [       HC-      CH2-       HC],
    finding best match:
         1       CH2-       CS-      CH2     0
        85        HC-      CHx-       Cx     4
    Picked type  85 with score  4.

  - Undetermined angle  HBP  CBE  HBQ [       HC-      CH2-       HC],
    finding best match:
         1       CH2-       CS-      CH2     0
        85        HC-      CHx-       Cx     4
    Picked type  85 with score  4.

  - Undetermined angle  HB7  CBN  HB8 [       HC-      CH2-       HC],
    finding best match:
         1       CH2-       CS-      CH2     0
        85        HC-      CHx-       Cx     4
    Picked type  85 with score  4.

  - Undetermined angle  HBV  CBH  HBW [       HC-      CH2-       HC],
    finding best match:
         1       CH2-       CS-      CH2     0
        85        HC-      CHx-       Cx     4
    Picked type  85 with score  4.

  - Undetermined angle  HBD  CAY  HBE [       HC-      CH2-       HC],
    finding best match:
         1       CH2-       CS-      CH2     0
        85        HC-      CHx-       Cx     4
    Picked type  85 with score  4.

  - Undetermined angle  HAV  CAP  HAW [       HC-      CH2-       HC],
    finding best match:
         1       CH2-       CS-      CH2     0
        85        HC-      CHx-       Cx     4
    Picked type  85 with score  4.

  - Undetermined angle  CAP  CAG  HAJ [      CH2-        C-       HC],
    finding best match:
         1       CH2-       CS-      CH2     0
        29        Cx-        C-       OA     4
    Picked type  29 with score  4.

  - Undetermined angle  CAP  CAG  CAJ [      CH2-        C-        C],
    finding best match:
         1       CH2-       CS-      CH2     0
        29        Cx-        C-       OA     4
        31        Cx-        C-      N2x     6
    Picked type  31 with score  6.

  - Undetermined angle  HAJ  CAG  CAJ [       HC-        C-        C],
    finding best match:
         1       CH2-       CS-      CH2     0
        29        Cx-        C-       OA     4
    Picked type  29 with score  4.

  - Undetermined angle  CAG  CAJ  HAM [        C-        C-       HC],
    finding best match:
         1       CH2-       CS-      CH2     0
        29        Cx-        C-       OA     4
    Picked type  29 with score  4.

  - Undetermined angle  CAG  CAJ  CAS [        C-        C-      CH2],
    finding best match:
         1       CH2-       CS-      CH2     0
        29        Cx-        C-       OA     4
        31        Cx-        C-      N2x     6
    Picked type  31 with score  6.

  - Undetermined angle  HAM  CAJ  CAS [       HC-        C-      CH2],
    finding best match:
         1       CH2-       CS-      CH2     0
        29        Cx-        C-       OA     4
    Picked type  29 with score  4.

  - Undetermined angle  HA1  CAS  HA2 [       HC-      CH2-       HC],
    finding best match:
         1       CH2-       CS-      CH2     0
        85        HC-      CHx-       Cx     4
    Picked type  85 with score  4.

  - Undetermined angle  HBJ  CBB  HBK [       HC-      CH2-       HC],
    finding best match:
         1       CH2-       CS-      CH2     0
        85        HC-      CHx-       Cx     4
    Picked type  85 with score  4.

  - Undetermined angle  HB1  CBK  HB2 [       HC-      CH2-       HC],
    finding best match:
         1       CH2-       CS-      CH2     0
        85        HC-      CHx-       Cx     4
    Picked type  85 with score  4.

  - Undetermined angle  HCD  CBQ  HCE [       HC-      CH2-       HC],
    finding best match:
         1       CH2-       CS-      CH2     0
        85        HC-      CHx-       Cx     4
    Picked type  85 with score  4.

  - Undetermined angle  HCJ  CBT  HCK [       HC-      CH2-       HC],
    finding best match:
         1       CH2-       CS-      CH2     0
        85        HC-      CHx-       Cx     4
    Picked type  85 with score  4.

  - Undetermined angle  HCP  CBW  HCQ [       HC-      CH2-       HC],
    finding best match:
         1       CH2-       CS-      CH2     0
        85        HC-      CHx-       Cx     4
    Picked type  85 with score  4.

  - Undetermined angle  HCV  CBZ  HCW [       HC-      CH2-       HC],
    finding best match:
         1       CH2-       CS-      CH2     0
        85        HC-      CHx-       Cx     4
    Picked type  85 with score  4.

  - Angle type fallback for CBZ  CCF  OCC  .

  - Angle type fallback for OAD  CCF  OCC  .

  - Undetermined angle  CCF  OCC  CCI [        C-       OS-      CH1],
    finding best match:
         1       CH2-       CS-      CH2     0
        59        CS-       OS-       CS     4
    Picked type  59 with score  4.

  - Undetermined angle  OCC  CCI  HC1 [       OS-      CH1-       HC],
    finding best match:
         1       CH2-       CS-      CH2     0
        15        Cx-      CHx-       OA     3
        85        HC-      CHx-       Cx     6
    Picked type  85 with score  6.

  - Undetermined angle  OCC  CCI  OCE [       OS-      CH1-       OS],
    finding best match:
         1       CH2-       CS-      CH2     0
        14        Cx-      CHx-       Cx     2
        15        Cx-      CHx-       OA     5
    Picked type  15 with score  5.

  - Undetermined angle  OCC  CCI  OCD [       OS-      CH1-       OS],
    finding best match:
         1       CH2-       CS-      CH2     0
        14        Cx-      CHx-       Cx     2
        15        Cx-      CHx-       OA     5
    Picked type  15 with score  5.

  - Undetermined angle  HC1  CCI  OCE [       HC-      CH1-       OS],
    finding best match:
         1       CH2-       CS-      CH2     0
        15        Cx-      CHx-       OA     3
        85        HC-      CHx-       Cx     6
    Picked type  85 with score  6.

  - Undetermined angle  HC1  CCI  OCD [       HC-      CH1-       OS],
    finding best match:
         1       CH2-       CS-      CH2     0
        15        Cx-      CHx-       OA     3
        85        HC-      CHx-       Cx     6
    Picked type  85 with score  6.

  - Undetermined angle  OCE  CCI  OCD [       OS-      CH1-       OS],
    finding best match:
         1       CH2-       CS-      CH2     0
        14        Cx-      CHx-       Cx     2
        15        Cx-      CHx-       OA     5
    Picked type  15 with score  5.

  - Undetermined angle  CCI  OCE  CCH [      CH1-       OS-        C],
    finding best match:
         1       CH2-       CS-      CH2     0
        59        CS-       OS-       CS     4
    Picked type  59 with score  4.

  - Angle type fallback for OCE  CCH  OAF  .

  - Angle type fallback for OCE  CCH  CCB  .

  - Undetermined angle  HCZ  CCB  HC0 [       HC-      CH2-       HC],
    finding best match:
         1       CH2-       CS-      CH2     0
        85        HC-      CHx-       Cx     4
    Picked type  85 with score  4.

  - Undetermined angle  HCT  CBY  HCU [       HC-      CH2-       HC],
    finding best match:
         1       CH2-       CS-      CH2     0
        85        HC-      CHx-       Cx     4
    Picked type  85 with score  4.

  - Undetermined angle  HCN  CBV  HCO [       HC-      CH2-       HC],
    finding best match:
         1       CH2-       CS-      CH2     0
        85        HC-      CHx-       Cx     4
    Picked type  85 with score  4.

  - Undetermined angle  HCH  CBS  HCI [       HC-      CH2-       HC],
    finding best match:
         1       CH2-       CS-      CH2     0
        85        HC-      CHx-       Cx     4
    Picked type  85 with score  4.

  - Undetermined angle  HB5  CBM  HB6 [       HC-      CH2-       HC],
    finding best match:
         1       CH2-       CS-      CH2     0
        85        HC-      CHx-       Cx     4
    Picked type  85 with score  4.

  - Undetermined angle  HBN  CBD  HBO [       HC-      CH2-       HC],
    finding best match:
         1       CH2-       CS-      CH2     0
        85        HC-      CHx-       Cx     4
    Picked type  85 with score  4.

  - Undetermined angle  HA5  CAU  HA6 [       HC-      CH2-       HC],
    finding best match:
         1       CH2-       CS-      CH2     0
        85        HC-      CHx-       Cx     4
    Picked type  85 with score  4.

  - Undetermined angle  CAU  CAL  HAO [      CH2-        C-       HC],
    finding best match:
         1       CH2-       CS-      CH2     0
        29        Cx-        C-       OA     4
    Picked type  29 with score  4.

  - Undetermined angle  CAU  CAL  CAI [      CH2-        C-        C],
    finding best match:
         1       CH2-       CS-      CH2     0
        29        Cx-        C-       OA     4
        31        Cx-        C-      N2x     6
    Picked type  31 with score  6.

  - Undetermined angle  HAO  CAL  CAI [       HC-        C-        C],
    finding best match:
         1       CH2-       CS-      CH2     0
        29        Cx-        C-       OA     4
    Picked type  29 with score  4.

  - Undetermined angle  CAL  CAI  HAL [        C-        C-       HC],
    finding best match:
         1       CH2-       CS-      CH2     0
        29        Cx-        C-       OA     4
    Picked type  29 with score  4.

  - Undetermined angle  CAL  CAI  CAR [        C-        C-      CH2],
    finding best match:
         1       CH2-       CS-      CH2     0
        29        Cx-        C-       OA     4
        31        Cx-        C-      N2x     6
    Picked type  31 with score  6.

  - Undetermined angle  HAL  CAI  CAR [       HC-        C-      CH2],
    finding best match:
         1       CH2-       CS-      CH2     0
        29        Cx-        C-       OA     4
    Picked type  29 with score  4.

  - Undetermined angle  HAZ  CAR  HA0 [       HC-      CH2-       HC],
    finding best match:
         1       CH2-       CS-      CH2     0
        85        HC-      CHx-       Cx     4
    Picked type  85 with score  4.

  - Undetermined angle  HBH  CBA  HBI [       HC-      CH2-       HC],
    finding best match:
         1       CH2-       CS-      CH2     0
        85        HC-      CHx-       Cx     4
    Picked type  85 with score  4.

  - Undetermined angle  HBZ  CBJ  HB0 [       HC-      CH2-       HC],
    finding best match:
         1       CH2-       CS-      CH2     0
        85        HC-      CHx-       Cx     4
    Picked type  85 with score  4.

  - Undetermined angle  HCB  CBP  HCC [       HC-      CH2-       HC],
    finding best match:
         1       CH2-       CS-      CH2     0
        85        HC-      CHx-       Cx     4
    Picked type  85 with score  4.

  - Undetermined angle  HBT  CBG  HBU [       HC-      CH2-       HC],
    finding best match:
         1       CH2-       CS-      CH2     0
        85        HC-      CHx-       Cx     4
    Picked type  85 with score  4.

  - Undetermined angle  HBB  CAX  HBC [       HC-      CH2-       HC],
    finding best match:
         1       CH2-       CS-      CH2     0
        85        HC-      CHx-       Cx     4
    Picked type  85 with score  4.

  - Undetermined angle  HAT  CAO  HAU [       HC-      CH2-       HC],
    finding best match:
         1       CH2-       CS-      CH2     0
        85        HC-      CHx-       Cx     4
    Picked type  85 with score  4.

  - Undetermined angle  HAH  CAC  HAI [       HC-      CH3-       HC],
    finding best match:
         1       CH2-       CS-      CH2     0
        85        HC-      CHx-       Cx     4
    Picked type  85 with score  4.

  - Undetermined angle  HAH  CAC  HAG [       HC-      CH3-       HC],
    finding best match:
         1       CH2-       CS-      CH2     0
        85        HC-      CHx-       Cx     4
    Picked type  85 with score  4.

  - Undetermined angle  HAI  CAC  HAG [       HC-      CH3-       HC],
    finding best match:
         1       CH2-       CS-      CH2     0
        85        HC-      CHx-       Cx     4
    Picked type  85 with score  4.

  - Undetermined angle  CCI  OCD  CCG [      CH1-       OS-        C],
    finding best match:
         1       CH2-       CS-      CH2     0
        59        CS-       OS-       CS     4
    Picked type  59 with score  4.

  - Angle type fallback for OCD  CCG  OAE  .

  - Angle type fallback for OCD  CCG  CCA  .

  - Undetermined angle  HCX  CCA  HCY [       HC-      CH2-       HC],
    finding best match:
         1       CH2-       CS-      CH2     0
        85        HC-      CHx-       Cx     4
    Picked type  85 with score  4.

  - Undetermined angle  HCR  CBX  HCS [       HC-      CH2-       HC],
    finding best match:
         1       CH2-       CS-      CH2     0
        85        HC-      CHx-       Cx     4
    Picked type  85 with score  4.

  - Undetermined angle  HCL  CBU  HCM [       HC-      CH2-       HC],
    finding best match:
         1       CH2-       CS-      CH2     0
        85        HC-      CHx-       Cx     4
    Picked type  85 with score  4.

  - Undetermined angle  HCF  CBR  HCG [       HC-      CH2-       HC],
    finding best match:
         1       CH2-       CS-      CH2     0
        85        HC-      CHx-       Cx     4
    Picked type  85 with score  4.

  - Undetermined angle  HB3  CBL  HB4 [       HC-      CH2-       HC],
    finding best match:
         1       CH2-       CS-      CH2     0
        85        HC-      CHx-       Cx     4
    Picked type  85 with score  4.

  - Undetermined angle  HBL  CBC  HBM [       HC-      CH2-       HC],
    finding best match:
         1       CH2-       CS-      CH2     0
        85        HC-      CHx-       Cx     4
    Picked type  85 with score  4.

  - Undetermined angle  HA3  CAT  HA4 [       HC-      CH2-       HC],
    finding best match:
         1       CH2-       CS-      CH2     0
        85        HC-      CHx-       Cx     4
    Picked type  85 with score  4.

  - Undetermined angle  CAT  CAK  HAN [      CH2-        C-       HC],
    finding best match:
         1       CH2-       CS-      CH2     0
        29        Cx-        C-       OA     4
    Picked type  29 with score  4.

  - Undetermined angle  CAT  CAK  CAH [      CH2-        C-        C],
    finding best match:
         1       CH2-       CS-      CH2     0
        29        Cx-        C-       OA     4
        31        Cx-        C-      N2x     6
    Picked type  31 with score  6.

  - Undetermined angle  HAN  CAK  CAH [       HC-        C-        C],
    finding best match:
         1       CH2-       CS-      CH2     0
        29        Cx-        C-       OA     4
    Picked type  29 with score  4.

  - Undetermined angle  CAK  CAH  HAK [        C-        C-       HC],
    finding best match:
         1       CH2-       CS-      CH2     0
        29        Cx-        C-       OA     4
    Picked type  29 with score  4.

  - Undetermined angle  CAK  CAH  CAQ [        C-        C-      CH2],
    finding best match:
         1       CH2-       CS-      CH2     0
        29        Cx-        C-       OA     4
        31        Cx-        C-      N2x     6
    Picked type  31 with score  6.

  - Undetermined angle  HAK  CAH  CAQ [       HC-        C-      CH2],
    finding best match:
         1       CH2-       CS-      CH2     0
        29        Cx-        C-       OA     4
    Picked type  29 with score  4.

  - Undetermined angle  HAX  CAQ  HAY [       HC-      CH2-       HC],
    finding best match:
         1       CH2-       CS-      CH2     0
        85        HC-      CHx-       Cx     4
    Picked type  85 with score  4.

  - Undetermined angle  HBF  CAZ  HBG [       HC-      CH2-       HC],
    finding best match:
         1       CH2-       CS-      CH2     0
        85        HC-      CHx-       Cx     4
    Picked type  85 with score  4.

  - Undetermined angle  HBX  CBI  HBY [       HC-      CH2-       HC],
    finding best match:
         1       CH2-       CS-      CH2     0
        85        HC-      CHx-       Cx     4
    Picked type  85 with score  4.

  - Undetermined angle  HB9  CBO  HCA [       HC-      CH2-       HC],
    finding best match:
         1       CH2-       CS-      CH2     0
        85        HC-      CHx-       Cx     4
    Picked type  85 with score  4.

  - Undetermined angle  HBR  CBF  HBS [       HC-      CH2-       HC],
    finding best match:
         1       CH2-       CS-      CH2     0
        85        HC-      CHx-       Cx     4
    Picked type  85 with score  4.

  - Undetermined angle  HA9  CAW  HBA [       HC-      CH2-       HC],
    finding best match:
         1       CH2-       CS-      CH2     0
        85        HC-      CHx-       Cx     4
    Picked type  85 with score  4.

  - Undetermined angle  HAR  CAN  HAS [       HC-      CH2-       HC],
    finding best match:
         1       CH2-       CS-      CH2     0
        85        HC-      CHx-       Cx     4
    Picked type  85 with score  4.

  - Undetermined angle  HAE  CAB  HAF [       HC-      CH3-       HC],
    finding best match:
         1       CH2-       CS-      CH2     0
        85        HC-      CHx-       Cx     4
    Picked type  85 with score  4.

  - Undetermined angle  HAE  CAB  HAD [       HC-      CH3-       HC],
    finding best match:
         1       CH2-       CS-      CH2     0
        85        HC-      CHx-       Cx     4
    Picked type  85 with score  4.

  - Undetermined angle  HAF  CAB  HAD [       HC-      CH3-       HC],
    finding best match:
         1       CH2-       CS-      CH2     0
        85        HC-      CHx-       Cx     4
    Picked type  85 with score  4.

  - Undetermined flat improper at HBV , picked default type.

  - Undetermined flat improper at CAY , picked default type.

  - Undetermined flat improper at HB2 , picked default type.

  - Undetermined dihedral  CCF  OCC  CCI  OCD [        C-       OS-      CH1-       OS],
    finding best match:
         1     X-        C-        C-    Y     2
        11     X-      CHx-      CHx-    Y     4
        14     X-       OA-        P-    Y     5
        29     X-       SI-      CH1-    Y     6
        16     X-      CH2-       OA-    Y     7
        23     X-       CS-       OS-    Y     8
    Picked type  23 with score  8.

  - Undetermined dihedral  OCC  CCI  OCE  CCH [       OS-      CH1-       OS-        C],
    finding best match:
         1     X-        C-        C-    Y     2
         2     X-      CR0-       OA-    Y     6
        16     X-      CH2-       OA-    Y     7
        23     X-       CS-       OS-    Y     8
    Picked type  23 with score  8.

  - Undetermined dihedral  OCC  CCI  OCD  CCG [       OS-      CH1-       OS-        C],
    finding best match:
         1     X-        C-        C-    Y     2
         2     X-      CR0-       OA-    Y     6
        16     X-      CH2-       OA-    Y     7
        23     X-       CS-       OS-    Y     8
    Picked type  23 with score  8.


 FEATURE/AFLAG LIST

   256  F F F F F F F F F F F F F F F F F F F F F F F F F T F T F F F F F F F F F F F F F F F F F F F F F F T T F F F F T T F F F F F F F F F F F F F F F F F F F F F T F T F F F F F F F F F F F F F F F F F F F F F F F F F F F T T F F F F F F F F F F F F F F F F F F F F F T F T F F F F F F F F F F F F F F F F F F F F F F F F F F  (           0          -1          -1  )
    10  F F F F F F F F F F F F F F F F F F F F F F T F F T T T T T F F F F F F F F F F F F F F F F F F F F F F F F F F F F F F F F F F F F F F F F F F F F F F F F F F F F F F F F F F F F F F F F F F F F F F F F F F F F F F F F F F F F F F F F F F F F F F F F F F F F F F F F F F F F F F F F F F F F F F F F F F F F F F F F F F F  (           6          -1          -1  )
   512  F F F F F F F F F F F F F F F F F F F F F F F F F T F T F F F F F F F F F F F F F F F F F F F F F F F F F F F F F F F F F F F F F F F F F F F F F F F F F F F F F F F F F F F F F F F F F F F F F F F F F F F F F F F F F F F F F F F F F F F F F F F F F F F F F F F F F F F F F F F F F F F F F F F F F F F F F F F F F F F F F  (           6          -1          -1  )
    10  F F F F F F F F F F F F F F F F F F F F F F F F F F F F F F F F F F F F F F F F F F F F F F F T F F T T T F F F F F F F F F F F F F F F F F F F F F F F F F F F F F F F F F F F F F F F F F F F F F F F F F F F F F F F F F F F F F F F F F F F F F F F F F F F F F F F F F F F F F F F F F F F F F F F F F F F F F F F F F F F F  (           4          -1          -1  )
   512  F F F F F F F F F F F F F F F F F F F F F F F F F F F F F F F F F F F F F F F F F F F F F F F F F F T T F F F F F F F F F F F F F F F F F F F F F F F F F F F F F F F F F F F F F F F F F F F F F F F F F F F F F F F F F F F F F F F F F F F F F F F F F F F F F F F F F F F F F F F F F F F F F F F F F F F F F F F F F F F F F  (           4          -1          -1  )
    10  F F F F F F F F F F F F F F F F F F F F F F F F F F F F F F F F F F F F F F F F F F F F F F F F F F F F F F F T T T T F F F F F F F F F F F F F F F F F F F F F F F F F F F F F F F F F F F F F F F F F F F F F F F F F F F F F F F F F F F F F F F F F F F F F F F F F F F F F F F F F F F F F F F F F F F F F F F F F F F F F F  (           4          -1          -1  )
   512  F F F F F F F F F F F F F F F F F F F F F F F F F F F F F F F F F F F F F F F F F F F F F F F F F F F F F F F F T T F F F F F F F F F F F F F F F F F F F F F F F F F F F F F F F F F F F F F F F F F F F F F F F F F F F F F F F F F F F F F F F F F F F F F F F F F F F F F F F F F F F F F F F F F F F F F F F F F F F F F F F  (           4          -1          -1  )
    10  F F F F F F F F F F F F F F F F F F F F F F F F F F F F F F F F F F F F F F F F F F F F F F F F F F F F F F F F F F F F F F F F F F F F F F F F F F F F T F F T T T T T F F F F F F F F F F F F F F F F F F F F F F F F F F F F F F F F F F F F F F F F F F F F F F F F F F F F F F F F F F F F F F F F F F F F F F F F F F F F F  (           6          -1          -1  )
   512  F F F F F F F F F F F F F F F F F F F F F F F F F F F F F F F F F F F F F F F F F F F F F F F F F F F F F F F F F F F F F F F F F F F F F F F F F F F F F F F T F T F F F F F F F F F F F F F F F F F F F F F F F F F F F F F F F F F F F F F F F F F F F F F F F F F F F F F F F F F F F F F F F F F F F F F F F F F F F F F F F  (           6          -1          -1  )
    10  F F F F F F F F F F F F F F F F F F F F F F F F F F F F F F F F F F F F F F F F F F F F F F F F F F F F F F F F F F F F F F F F F F F F F F F F F F F F F F F F F F F F F F F F F F F F F F F F F F F F F F F F F F F F T T T T F F F F F F F F F F F F F F F F F F F F F F F F F F F F F F F F F F F F F F F F F F F F F F F F F  (           4          -1          -1  )
   512  F F F F F F F F F F F F F F F F F F F F F F F F F F F F F F F F F F F F F F F F F F F F F F F F F F F F F F F F F F F F F F F F F F F F F F F F F F F F F F F F F F F F F F F F F F F F F F F F F F F F F F F F F F F F F T T F F F F F F F F F F F F F F F F F F F F F F F F F F F F F F F F F F F F F F F F F F F F F F F F F F  (           4          -1          -1  )
    10  F F F F F F F F F F F F F F F F F F F F F F F F F F F F F F F F F F F F F F F F F F F F F F F F F F F F F F F F F F F F F F F F F F F F F F F F F F F F F F F F F F F F F F F F F F F F F F F F F F F F F F F F F F F F F F F F F F F F F F F F F F F F F F F F F T F F T T T T T F F F F F F F F F F F F F F F F F F F F F F F F  (           6          -1          -1  )
   512  F F F F F F F F F F F F F F F F F F F F F F F F F F F F F F F F F F F F F F F F F F F F F F F F F F F F F F F F F F F F F F F F F F F F F F F F F F F F F F F F F F F F F F F F F F F F F F F F F F F F F F F F F F F F F F F F F F F F F F F F F F F F F F F F F F F F T F T F F F F F F F F F F F F F F F F F F F F F F F F F F  (           6          -1          -1  )
    1f  F F F F F F F F F F F F F F F F F F F F F F F F F F F F F F F F F F F F F F F F F F F F F F F F F F F F F F F F F F F F F F F F F F F F F F F F F F F F F F F F F F F F F F F F F F F F F F F F F F F F F F F F F F F F F F F F F F F F F F F F F F F F F F F F F F F F F F F F F F F F F F F F F F F F F F F F F F F F F F F F F
    2f  F F F F F F F F F F F F F F F F F F F F F F F F F F F F F F F F F F F F F F F F F F F F F F F F F F F F F F F F F F F F F F F F F F F F F F F F F F F F F F F F F F F F F F F F F F F F F F F F F F F F F F F F F F F F F F F F F F F F F F F F F F F F F F F F F F F F F F F F F F F F F F F F F F F F F F F F F F F F F F F F F
    3f  F F F F F F F F F F F F F F F F F F F F F F F F F F F F F F F F F F F F F F F F F F F F F F F F F F F F F F F F F F F F F F F F F F F F F F F F F F F F F F F F F F F F F F F F F F F F F F F F F F F F F F F F F F F F F F F F F F F F F F F F F F F F F F F F F F F F F F F F F F F F F F F F F F F F F F F F F F F F F F F F F
    4f  F F F F F F F F F F F F F F F F F F F F F F F F F F F F F F F F F F F F F F F F F F F F F F F F F F F F F F F F F F F F F F F F F F F F F F F F F F F F F F F F F F F F F F F F F F F F F F F F F F F F F F F F F F F F F F F F F F F F F F F F F F F F F F F F F F F F F F F F F F F F F F F F F F F F F F F F F F F F F F F F F
    5f  F F F F F F F F F F F F F F F F F F F F F F F F F F F F F F F F F F F F F F F F F F F F F F F F F F F F F F F F F F F F F F F F F F F F F F F F F F F F F F F F F F F F F F F F F F F F F F F F F F F F F F F F F F F F F F F F F F F F F F F F F F F F F F F F F F F F F F F F F F F F F F F F F F F F F F F F F F F F F F F F F
    6f  F F F F F F F F F F F F F F F F F F F F F F F F F F F F F F F F F F F F F F F F F F F F F F F F F F F F F F F F F F F F F F F F F F F F F F F F F F F F F F F F F F F F F F F F F F F F F F F F F F F F F F F F F F F F F F F F F F F F F F F F F F F F F F F F F F F F F F F F F F F F F F F F F F F F F F F F F F F F F F F F F
    7f  F F F F F F F F F F F F F F F F F F F F F F F F F F F F F F F F F F F F F F F F F F F F F F F F F F F F F F F F F F F F F F F F F F F F F F F F F F F F F F F F F F F F F F F F F F F F F F F F F F F F F F F F F F F F F F F F F F F F F F F F F F F F F F F F F F F F F F F F F F F F F F F F F F F F F F F F F F F F F F F F F
    8f  F F F F F F F F F F F F F F F F F F F F F F F F F F F F F F F F F F F F F F F F F F F F F F F F F F F F F F F F F F F F F F F F F F F F F F F F F F F F F F F F F F F F F F F F F F F F F F F F F F F F F F F F F F F F F F F F F F F F F F F F F F F F F F F F F F F F F F F F F F F F F F F F F F F F F F F F F F F F F F F F F
    9f  F F F F F F F F F F F F F F F F F F F F F F F F F F F F F F F F F F F F F F F F F F F F F F F F F F F F F F F F F F F F F F F F F F F F F F F F F F F F F F F F F F F F F F F F F F F F F F F F F F F F F F F F F F F F F F F F F F F F F F F F F F F F F F F F F F F F F F F F F F F F F F F F F F F F F F F F F F F F F F F F F
   10f  F F F F F F F F F F F F F F F F F F F F F F F F F F F F F F F F F F F F F F F F F F F F F F F F F F F F F F F F F F F F F F F F F F F F F F F F F F F F F F F F F F F F F F F F F F F F F F F F F F F F F F F F F F F F F F F F F F F F F F F F F F F F F F F F F F F F F F F F F F F F F F F F F F F F F F F F F F F F F F F F F
   11f  F F F F F F F F F F F F F F F F F F F F F F F F F F F F F F F F F F F F F F F F F F F F F F F F F F F F F F F F F F F F F F F F F F F F F F F F F F F F F F F F F F F F F F F F F F F F F F F F F F F F F F F F F F F F F F F F F F F F F F F F F F F F F F F F F F F F F F F F F F F F F F F F F F F F F F F F F F F F F F F F F
   12f  F F F F F F F F F F F F F F F F F F F F F F F F F F F F F F F F F F F F F F F F F F F F F F F F F F F F F F F F F F F F F F F F F F F F F F F F F F F F F F F F F F F F F F F F F F F F F F F F F F F F F F F F F F F F F F F F F F F F F F F F F F F F F F F F F F F F F F F F F F F F F F F F F F F F F F F F F F F F F F F F F
   13f  F F F F F F F F F F F F F F F F F F F F F F F F F F F F F F F F F F F F F F F F F F F F F F F F F F F F F F F F F F F F F F F F F F F F F F F F F F F F F F F F F F F F F F F F F F F F F F F F F F F F F F F F F F F F F F F F F F F F F F F F F F F F F F F F F F F F F F F F F F F F F F F F F F F F F F F F F F F F F F F F F
   14f  F F F F F F F F F F F F F F F F F F F F F F F F F F F F F F F F F F F F F F F F F F F F F F F F F F F F F F F F F F F F F F F F F F F F F F F F F F F F F F F F F F F F F F F F F F F F F F F F F F F F F F F F F F F F F F F F F F F F F F F F F F F F F F F F F F F F F F F F F F F F F F F F F F F F F F F F F F F F F F F F F
   15f  F F F F F F F F F F F F F F F F F F F F F F F F F F F F F F F F F F F F F F F F F F F F F F F F F F F F F F F F F F F F F F F F F F F F F F F F F F F F F F F F F F F F F F F F F F F F F F F F F F F F F F F F F F F F F F F F F F F F F F F F F F F F F F F F F F F F F F F F F F F F F F F F F F F F F F F F F F F F F F F F F
   16f  F F F F F F F F F F F F F F F F F F F F F F F F F F F F F F F F F F F F F F F F F F F F F F F F F F F F F F F F F F F F F F F F F F F F F F F F F F F F F F F F F F F F F F F F F F F F F F F F F F F F F F F F F F F F F F F F F F F F F F F F F F F F F F F F F F F F F F F F F F F F F F F F F F F F F F F F F F F F F F F F F
   17f  F F F F F F F F F F F F F F F F F F F F F F F F F F F F F F F F F F F F F F F F F F F F F F F F F F F F F F F F F F F F F F F F F F F F F F F F F F F F F F F F F F F F F F F F F F F F F F F F F F F F F F F F F F F F F F F F F F F F F F F F F F F F F F F F F F F F F F F F F F F F F F F F F F F F F F F F F F F F F F F F F
   18f  T F F F T F F T F F T F F T F F T F F T F F T F F T F T F T F F T F F T F F T F F T F F T F F T F F T T T T F T T T T F F T F F T F F T F F T F F T F F T F F T F T F T F F T F F T F F T F F T F F T F F T F F T F F F T T T T F F T F F T F F T F F T F F T F F T F F T F T F T F F T F F T F F T F F T F F T F F T F F T F F F


 THANK YOU FOR USING PRODRG.....

